<?xml version="1.0" encoding="UTF-8"?>
<testng-results skipped="0" failed="0" ignored="0" total="3" passed="3">
  <reporter-output>
  </reporter-output>
  <suite name="Surefire suite" duration-ms="94805" started-at="2022-06-27T04:12:09Z" finished-at="2022-06-27T04:13:44Z">
    <groups>
      <group name="cucumber">
        <method signature="AbstractTestNGCucumberTests.runScenario(io.cucumber.testng.PickleWrapper, io.cucumber.testng.FeatureWrapper)[pri:0, instance:Parallel.ParallelRun@f6c48ac]" name="runScenario" class="io.cucumber.testng.AbstractTestNGCucumberTests"/>
      </group> <!-- cucumber -->
    </groups>
    <test name="Surefire test" duration-ms="94805" started-at="2022-06-27T04:12:09Z" finished-at="2022-06-27T04:13:44Z">
      <class name="Parallel.ParallelRun">
        <test-method status="PASS" signature="setUpClass()[pri:0, instance:Parallel.ParallelRun@f6c48ac]" name="setUpClass" is-config="true" duration-ms="886" started-at="2022-06-27T04:12:09Z" finished-at="2022-06-27T04:12:10Z">
          <reporter-output>
          </reporter-output>
        </test-method> <!-- setUpClass -->
        <test-method status="PASS" signature="runScenario(io.cucumber.testng.PickleWrapper, io.cucumber.testng.FeatureWrapper)[pri:0, instance:Parallel.ParallelRun@f6c48ac]" name="runScenario" duration-ms="33048" started-at="2022-06-27T04:12:10Z" description="Runs Cucumber Scenarios" data-provider="scenarios" finished-at="2022-06-27T04:12:43Z">
          <params>
            <param index="0">
              <value>
                <![CDATA["Checking status code"]]>
              </value>
            </param>
            <param index="1">
              <value>
                <![CDATA["Optional[Testing status code and load time and login failure]"]]>
              </value>
            </param>
          </params>
          <reporter-output>
          </reporter-output>
        </test-method> <!-- runScenario -->
        <test-method status="PASS" signature="runScenario(io.cucumber.testng.PickleWrapper, io.cucumber.testng.FeatureWrapper)[pri:0, instance:Parallel.ParallelRun@f6c48ac]" name="runScenario" duration-ms="34407" started-at="2022-06-27T04:12:43Z" description="Runs Cucumber Scenarios" data-provider="scenarios" finished-at="2022-06-27T04:13:17Z">
          <params>
            <param index="0">
              <value>
                <![CDATA["Checking load time"]]>
              </value>
            </param>
            <param index="1">
              <value>
                <![CDATA["Optional[Testing status code and load time and login failure]"]]>
              </value>
            </param>
          </params>
          <reporter-output>
          </reporter-output>
        </test-method> <!-- runScenario -->
        <test-method status="PASS" signature="runScenario(io.cucumber.testng.PickleWrapper, io.cucumber.testng.FeatureWrapper)[pri:0, instance:Parallel.ParallelRun@f6c48ac]" name="runScenario" duration-ms="22679" started-at="2022-06-27T04:13:17Z" description="Runs Cucumber Scenarios" data-provider="scenarios" finished-at="2022-06-27T04:13:40Z">
          <params>
            <param index="0">
              <value>
                <![CDATA["Checking the login functionality"]]>
              </value>
            </param>
            <param index="1">
              <value>
                <![CDATA["Optional[Testing status code and load time and login failure]"]]>
              </value>
            </param>
          </params>
          <reporter-output>
          </reporter-output>
        </test-method> <!-- runScenario -->
        <test-method status="PASS" signature="tearDownClass()[pri:0, instance:Parallel.ParallelRun@f6c48ac]" name="tearDownClass" is-config="true" duration-ms="3755" started-at="2022-06-27T04:13:40Z" finished-at="2022-06-27T04:13:44Z">
          <reporter-output>
          </reporter-output>
        </test-method> <!-- tearDownClass -->
      </class> <!-- Parallel.ParallelRun -->
    </test> <!-- Surefire test -->
  </suite> <!-- Surefire suite -->
</testng-results>
