<?xml version="1.0" encoding="UTF-8"?>
<testsuite xmlns:xsi="http://www.w3.org/2001/XMLSchema-instance" xsi:noNamespaceSchemaLocation="https://maven.apache.org/surefire/maven-surefire-plugin/xsd/surefire-test-report-3.0.xsd" version="3.0" name="Parallel.ParallelRun" time="95.193" tests="3" errors="0" skipped="0" failures="0">
  <properties>
[...]
</properties>
  <testcase name="runScenario[&quot;Checking status code&quot;, &quot;Optional[Testing status code and load time and login failure]&quot;](1)" classname="Parallel.ParallelRun" time="33.049">
    <system-out><![CDATA[
@TestCase @Status_Code
Scenario: Checking status code                       # src/test/resources/Parallel/TestCase.feature:5
browser value is: chrome
Status Code 405 is invalid.
Status Code 200 is valid.
  Given navigate to url and get response status code # Parallel.TestCase.navigate_to_url_and_get_response_status_code()
]]></system-out>
    <system-err><![CDATA[[TestNG-PoolService-0] INFO io.github.bonigarcia.wdm.WebDriverManager - Using chromedriver 103.0.5060.53 (resolved driver for Chrome 103)
[TestNG-PoolService-0] INFO io.github.bonigarcia.wdm.WebDriverManager - Reading https://chromedriver.storage.googleapis.com/ to seek chromedriver
[TestNG-PoolService-0] INFO io.github.bonigarcia.wdm.online.Downloader - Downloading https://chromedriver.storage.googleapis.com/103.0.5060.53/chromedriver_win32.zip
[TestNG-PoolService-0] INFO io.github.bonigarcia.wdm.online.Downloader - Extracting driver from compressed file chromedriver_win32.zip
[TestNG-PoolService-0] INFO io.github.bonigarcia.wdm.WebDriverManager - Exporting webdriver.chrome.driver as C:\Users\QA-Desk1\.cache\selenium\chromedriver\win32\103.0.5060.53\chromedriver.exe
Starting ChromeDriver 103.0.5060.53 (a1711811edd74ff1cf2150f36ffa3b0dae40b17f-refs/branch-heads/5060@{#853}) on port 44498
Only local connections are allowed.
Please see https://chromedriver.chromium.org/security-considerations for suggestions on keeping ChromeDriver safe.
ChromeDriver was started successfully.
Jun 27, 2022 9:42:16 AM org.openqa.selenium.remote.ProtocolHandshake createSession
INFO: Detected dialect: W3C
]]></system-err>
  </testcase>
  <testcase name="runScenario[&quot;Checking load time&quot;, &quot;Optional[Testing status code and load time and login failure]&quot;](2)" classname="Parallel.ParallelRun" time="34.404">
    <system-out><![CDATA[
@TestCase @Load_Time
Scenario: Checking load time              # src/test/resources/Parallel/TestCase.feature:9
browser value is: chrome
Load time 3.0 secs is invalid.
Load time 2.0 secs is invalid.
  Given navigate to url and get load time # Parallel.TestCase.navigate_to_url_and_get_load_time()
]]></system-out>
    <system-err><![CDATA[[TestNG-PoolService-0] INFO io.github.bonigarcia.wdm.WebDriverManager - Using chromedriver 103.0.5060.53 (resolved driver for Chrome 103)
[TestNG-PoolService-0] INFO io.github.bonigarcia.wdm.WebDriverManager - Exporting webdriver.chrome.driver as C:\Users\QA-Desk1\.cache\selenium\chromedriver\win32\103.0.5060.53\chromedriver.exe
Starting ChromeDriver 103.0.5060.53 (a1711811edd74ff1cf2150f36ffa3b0dae40b17f-refs/branch-heads/5060@{#853}) on port 44162
Only local connections are allowed.
Please see https://chromedriver.chromium.org/security-considerations for suggestions on keeping ChromeDriver safe.
ChromeDriver was started successfully.
Jun 27, 2022 9:42:44 AM org.openqa.selenium.remote.ProtocolHandshake createSession
INFO: Detected dialect: W3C
]]></system-err>
  </testcase>
  <testcase name="runScenario[&quot;Checking the login functionality&quot;, &quot;Optional[Testing status code and load time and login failure]&quot;](3)" classname="Parallel.ParallelRun" time="22.679">
    <system-out><![CDATA[
@TestCase @Login_Checker
Scenario: Checking the login functionality            # src/test/resources/Parallel/TestCase.feature:13
browser value is: chrome
https://play.lusher.io/dashboard
https://play.lusher.io/auth/signin
Login failure.
  Given navigate to url and check login functionality # Parallel.TestCase.navigate_to_url_and_check_login_functionality()
]]></system-out>
    <system-err><![CDATA[[TestNG-PoolService-0] INFO io.github.bonigarcia.wdm.WebDriverManager - Using chromedriver 103.0.5060.53 (resolved driver for Chrome 103)
[TestNG-PoolService-0] INFO io.github.bonigarcia.wdm.WebDriverManager - Exporting webdriver.chrome.driver as C:\Users\QA-Desk1\.cache\selenium\chromedriver\win32\103.0.5060.53\chromedriver.exe
Starting ChromeDriver 103.0.5060.53 (a1711811edd74ff1cf2150f36ffa3b0dae40b17f-refs/branch-heads/5060@{#853}) on port 7545
Only local connections are allowed.
Please see https://chromedriver.chromium.org/security-considerations for suggestions on keeping ChromeDriver safe.
ChromeDriver was started successfully.
Jun 27, 2022 9:43:18 AM org.openqa.selenium.remote.ProtocolHandshake createSession
INFO: Detected dialect: W3C
]]></system-err>
  </testcase>
</testsuite>